<?xml version="1.0" encoding="UTF-8" ?>
<testsuite tests="1" failures="0" name="com.BCH.selenium.pruebas.Test_Home_1" time="70.125" errors="1" skipped="0">
  <properties>
[...]
</properties>
  <testcase classname="com.BCH.selenium.pruebas.Test_Home_1" name="Home_" time="70.125">
    <error message="Expected condition failed: waiting for visibility of element located by By.xpath: /html/body/div[2]/div[2]/button[1] (tried for 10 second(s) with 500 MILLISECONDS interval)
Build info: version: &apos;3.3.0&apos;, revision: &apos;b526bd5b41&apos;, time: &apos;2017-03-07 19:26:04 +0000&apos;
System info: host: &apos;CL-NB-431&apos;, ip: &apos;152.139.124.123&apos;, os.name: &apos;Windows 10&apos;, os.arch: &apos;amd64&apos;, os.version: &apos;10.0&apos;, java.version: &apos;1.8.0_201&apos;
Driver info: org.openqa.selenium.chrome.ChromeDriver
Capabilities [{mobileEmulationEnabled=false, timeouts={implicit=0, pageLoad=300000, script=30000}, hasTouchScreen=false, platform=XP, acceptSslCerts=false, goog:chromeOptions={debuggerAddress=localhost:54958}, acceptInsecureCerts=false, webStorageEnabled=true, browserName=chrome, takesScreenshot=true, javascriptEnabled=true, setWindowRect=true, unexpectedAlertBehaviour=ignore, applicationCacheEnabled=false, rotatable=false, networkConnectionEnabled=false, chrome={chromedriverVersion=74.0.3729.6 (255758eccf3d244491b8a1317aa76e1ce10d57e9-refs/branch-heads/3729@{#29}), userDataDir=C:\Windows\TEMP\scoped_dir23348_27348}, takesHeapSnapshot=true, pageLoadStrategy=normal, strictFileInteractability=false, databaseEnabled=false, handlesAlerts=true, version=74.0.3729.108, browserConnectionEnabled=false, proxy={}, nativeEvents=true, locationContextEnabled=true, cssSelectorsEnabled=true}]
Session ID: 6da64ad1c5a6effb24615ff8c1014438" type="org.openqa.selenium.TimeoutException">org.openqa.selenium.TimeoutException: Expected condition failed: waiting for visibility of element located by By.xpath: /html/body/div[2]/div[2]/button[1] (tried for 10 second(s) with 500 MILLISECONDS interval)
Build info: version: &apos;3.3.0&apos;, revision: &apos;b526bd5b41&apos;, time: &apos;2017-03-07 19:26:04 +0000&apos;
System info: host: &apos;CL-NB-431&apos;, ip: &apos;152.139.124.123&apos;, os.name: &apos;Windows 10&apos;, os.arch: &apos;amd64&apos;, os.version: &apos;10.0&apos;, java.version: &apos;1.8.0_201&apos;
Driver info: org.openqa.selenium.chrome.ChromeDriver
Capabilities [{mobileEmulationEnabled=false, timeouts={implicit=0, pageLoad=300000, script=30000}, hasTouchScreen=false, platform=XP, acceptSslCerts=false, goog:chromeOptions={debuggerAddress=localhost:54958}, acceptInsecureCerts=false, webStorageEnabled=true, browserName=chrome, takesScreenshot=true, javascriptEnabled=true, setWindowRect=true, unexpectedAlertBehaviour=ignore, applicationCacheEnabled=false, rotatable=false, networkConnectionEnabled=false, chrome={chromedriverVersion=74.0.3729.6 (255758eccf3d244491b8a1317aa76e1ce10d57e9-refs/branch-heads/3729@{#29}), userDataDir=C:\Windows\TEMP\scoped_dir23348_27348}, takesHeapSnapshot=true, pageLoadStrategy=normal, strictFileInteractability=false, databaseEnabled=false, handlesAlerts=true, version=74.0.3729.108, browserConnectionEnabled=false, proxy={}, nativeEvents=true, locationContextEnabled=true, cssSelectorsEnabled=true}]
Session ID: 6da64ad1c5a6effb24615ff8c1014438
	at org.openqa.selenium.support.ui.WebDriverWait.timeoutException(WebDriverWait.java:80)
	at org.openqa.selenium.support.ui.FluentWait.until(FluentWait.java:232)
	at com.BCH.selenium.abs.AbsTest.Espera(AbsTest.java:516)
	at com.BCH.selenium.abs.AbsTest.DPF(AbsTest.java:213)
	at com.BCH.selenium.pruebas.Test_Home_1.Home_(Test_Home_1.java:35)
	at sun.reflect.NativeMethodAccessorImpl.invoke0(Native Method)
	at sun.reflect.NativeMethodAccessorImpl.invoke(NativeMethodAccessorImpl.java:62)
	at sun.reflect.DelegatingMethodAccessorImpl.invoke(DelegatingMethodAccessorImpl.java:43)
	at java.lang.reflect.Method.invoke(Method.java:498)
	at org.junit.runners.model.FrameworkMethod$1.runReflectiveCall(FrameworkMethod.java:47)
	at org.junit.internal.runners.model.ReflectiveCallable.run(ReflectiveCallable.java:12)
	at org.junit.runners.model.FrameworkMethod.invokeExplosively(FrameworkMethod.java:44)
	at org.junit.internal.runners.statements.InvokeMethod.evaluate(InvokeMethod.java:17)
	at org.junit.internal.runners.statements.RunBefores.evaluate(RunBefores.java:26)
	at org.junit.internal.runners.statements.RunAfters.evaluate(RunAfters.java:27)
	at org.junit.runners.ParentRunner.runLeaf(ParentRunner.java:271)
	at org.junit.runners.BlockJUnit4ClassRunner.runChild(BlockJUnit4ClassRunner.java:70)
	at org.junit.runners.BlockJUnit4ClassRunner.runChild(BlockJUnit4ClassRunner.java:50)
	at org.junit.runners.ParentRunner$3.run(ParentRunner.java:238)
	at org.junit.runners.ParentRunner$1.schedule(ParentRunner.java:63)
	at org.junit.runners.ParentRunner.runChildren(ParentRunner.java:236)
	at org.junit.runners.ParentRunner.access$000(ParentRunner.java:53)
	at org.junit.runners.ParentRunner$2.evaluate(ParentRunner.java:229)
	at org.junit.runners.ParentRunner.run(ParentRunner.java:309)
	at org.apache.maven.surefire.junit4.JUnit4Provider.execute(JUnit4Provider.java:252)
	at org.apache.maven.surefire.junit4.JUnit4Provider.executeTestSet(JUnit4Provider.java:141)
	at org.apache.maven.surefire.junit4.JUnit4Provider.invoke(JUnit4Provider.java:112)
	at sun.reflect.NativeMethodAccessorImpl.invoke0(Native Method)
	at sun.reflect.NativeMethodAccessorImpl.invoke(NativeMethodAccessorImpl.java:62)
	at sun.reflect.DelegatingMethodAccessorImpl.invoke(DelegatingMethodAccessorImpl.java:43)
	at java.lang.reflect.Method.invoke(Method.java:498)
	at org.apache.maven.surefire.util.ReflectionUtils.invokeMethodWithArray(ReflectionUtils.java:189)
	at org.apache.maven.surefire.booter.ProviderFactory$ProviderProxy.invoke(ProviderFactory.java:165)
	at org.apache.maven.surefire.booter.ProviderFactory.invokeProvider(ProviderFactory.java:85)
	at org.apache.maven.surefire.booter.ForkedBooter.runSuitesInProcess(ForkedBooter.java:115)
	at org.apache.maven.surefire.booter.ForkedBooter.main(ForkedBooter.java:75)
</error>
    <system-out>2019-05-03 15:00:03,444 [main] INFO  com.BCH.javaee.propiedades.DatosSistema - Obtener Propiedades - init
2019-05-03 15:00:03,472 [main] INFO  com.BCH.javaee.propiedades.DatosSistema - Cargar Propiedades - end
2019-05-03 15:00:03,476 [main] INFO  com.BCH.javaee.propiedades.DatosSistema - Obtener Propiedades - end
2019-05-03 15:00:03,476 [main] INFO  com.BCH.selenium.abs.AbsTest - INICIANDO @BEFORE setUp():com.BCH.selenium.pruebas.Test_Home_1
2019-05-03 15:00:03,476 [main] INFO  com.BCH.selenium.abs.AbsTest - setUp():ES WINDOWS
2019-05-03 15:00:03,476 [main] INFO  com.BCH.selenium.abs.AbsTest - Abrimos chrome headless
2019-05-03 15:00:32,519 [main] INFO  com.BCH.javaee.propiedades.DatosSistema - Obtener Propiedades - end
2019-05-03 15:00:32,519 [main] INFO  com.BCH.javaee.propiedades.DatosSistema - Obtener Propiedades - end
2019-05-03 15:00:32,519 [main] INFO  com.BCH.javaee.propiedades.DatosSistema - Obtener Propiedades - end
2019-05-03 15:00:32,519 [main] INFO  com.BCH.selenium.abs.AbsTest - Ingresamos a la URL https://portalcomercial/plataforma-web/login/index.html#/login
2019-05-03 15:00:39,625 [main] INFO  com.BCH.selenium.abs.AbsTest - Estamos poniendo la clave
2019-05-03 15:00:41,877 [main] INFO  com.BCH.selenium.abs.AbsTest - INICIO -----&gt; ESPERA:2 / SEGUNDOS
2019-05-03 15:00:43,880 [main] INFO  com.BCH.selenium.abs.AbsTest - FIN    -----&gt; ESPERA:2 / SEGUNDOS
2019-05-03 15:00:43,880 [main] INFO  com.BCH.selenium.abs.AbsTest - Estamos poniendo la clave
2019-05-03 15:00:50,907 [main] INFO  com.BCH.selenium.abs.AbsTest - Espera a que salga el cuadro pa ingresar rut
2019-05-03 15:00:52,007 [main] INFO  com.BCH.selenium.abs.AbsTest -  Verificar - rut cliente
2019-05-03 15:00:52,615 [main] INFO  com.BCH.selenium.pruebas.Test_Home_1 - Ingresamos Rut
2019-05-03 15:00:52,627 [main] INFO  com.BCH.selenium.abs.AbsTest - INICIO -----&gt; ESPERA:3 / SEGUNDOS
2019-05-03 15:00:55,628 [main] INFO  com.BCH.selenium.abs.AbsTest - FIN    -----&gt; ESPERA:3 / SEGUNDOS
2019-05-03 15:00:55,904 [main] INFO  com.BCH.selenium.pruebas.Test_Home_1 - Vamos a seleccionar DAP
2019-05-03 15:00:59,109 [main] INFO  com.BCH.selenium.abs.AbsTest - Espera
2019-05-03 15:01:00,332 [main] INFO  com.BCH.selenium.pruebas.Test_Home_1 - Toma DPF
2019-05-03 15:01:00,332 [main] INFO  com.BCH.selenium.abs.AbsTest - Presionamos tipo de documento 
2019-05-03 15:01:00,911 [main] INFO  com.BCH.selenium.abs.AbsTest - Se encontro ellemnto
2019-05-03 15:01:11,001 [main] INFO  com.BCH.selenium.abs.AbsTest - INICIANDO @AFTER tearDown():com.BCH.selenium.pruebas.Test_Home_1
</system-out>
    <system-err>Starting ChromeDriver 74.0.3729.6 (255758eccf3d244491b8a1317aa76e1ce10d57e9-refs/branch-heads/3729@{#29}) on port 43726
Only local connections are allowed.
Please protect ports used by ChromeDriver and related test frameworks to prevent access by malicious code.
may 03, 2019 3:00:31 PM org.openqa.selenium.remote.ProtocolHandshake createSession
INFORMACIÓN: Detected dialect: OSS
</system-err>
  </testcase>
</testsuite>